[1;33mdiff --git a/template/gnostr-git-reflog b/template/gnostr-git-log[m
[1;33mold mode 100755[m
[1;33mnew mode 100644[m
[1;33mindex 96a7623..390cd19[m
[1;33m--- a/template/gnostr-git-reflog[m
[1;33m+++ b/template/gnostr-git-log[m
[1;35m@@ -1,12 +1,12 @@[m
#!/usr/bin/env bash[m
help(){[m
	gnostr-git    [31mreflog[m[32mlog[m -h | sed -e "s/git/gnostr-git/g"
	printf "   or: gnostr-git [31mreflog[m[32mlog[m [--hash-list] [-hl]\n"
	printf "   or: gnostr-git [31mreflog[m[32mlog[m [--format] [-f]\n"
	printf "   or: gnostr-git [31mreflog[m[32mlog[m [-gd]\n"
	printf "   "[m
	printf "   \n"[m
	printf "gnostr-git [31mreflog[m[32mlog[m accepts any of the options accepted by gnostr-git    [31mreflog\n"[m[32mlog\n"[m
	echo "  try:"[m
	echo "       gnostr-git log    --format='%C(auto)%H%<|(17)%gd/commit:%s'"[m
	echo "       gnostr-git reflog --format='%C(auto)%H%<|(17)%gd/commit:%s'"[m
[1;35m@@ -29,15 +29,15 @@[m [mif[m
	exit[m
elif[m
[[ ${!i} == "--hash-list" ]] || [[ ${!i} == "-hl" ]]; then[m
	gnostr-git    [31mreflog[m[32mlog[m      --format='wss://${RELAY}/${REPO}/%C(auto)%H'
	exit[m
elif[m
[[ ${!i} == "--format" ]] || [[ ${!i} == "-f" ]]; then[m
	gnostr-git    [31mreflog[m[32mlog[m      --format='wss://${RELAY}/${REPO}/%C(auto)%H/%<|(17)%gdcommit:%s'
	exit[m
elif[m
[[ ${!i} == "-gd" ]] || [[ ${!i} == "-g" ]]; then[m
	gnostr-git    [31mreflog[m[32mlog[m      --format='wss://${RELAY}/${REPO}/%C(auto)%H%<|(17)%gd:'
	exit[m
else[m
	##silence is golden[m
